<?xml version="1.0" encoding="UTF-8"?>
<testsuite xmlns:xsi="http://www.w3.org/2001/XMLSchema-instance" xsi:noNamespaceSchemaLocation="https://maven.apache.org/surefire/maven-surefire-plugin/xsd/surefire-test-report-3.0.xsd" version="3.0" name="com.magdemy.travelark.TravelarkApplicationTests" time="6.67" tests="1" errors="0" skipped="0" failures="0">
  <properties>
    <property name="java.specification.version" value="17"/>
    <property name="sun.jnu.encoding" value="UTF-8"/>
    <property name="java.class.path" value="/home/yogeshpdy/IdeaProjects/travelark/target/test-classes:/home/yogeshpdy/IdeaProjects/travelark/target/classes:/home/yogeshpdy/.m2/repository/org/springframework/boot/spring-boot-starter-data-mongodb/3.2.3/spring-boot-starter-data-mongodb-3.2.3.jar:/home/yogeshpdy/.m2/repository/org/springframework/boot/spring-boot-starter/3.2.3/spring-boot-starter-3.2.3.jar:/home/yogeshpdy/.m2/repository/org/springframework/boot/spring-boot/3.2.3/spring-boot-3.2.3.jar:/home/yogeshpdy/.m2/repository/org/springframework/boot/spring-boot-autoconfigure/3.2.3/spring-boot-autoconfigure-3.2.3.jar:/home/yogeshpdy/.m2/repository/org/springframework/boot/spring-boot-starter-logging/3.2.3/spring-boot-starter-logging-3.2.3.jar:/home/yogeshpdy/.m2/repository/ch/qos/logback/logback-classic/1.4.14/logback-classic-1.4.14.jar:/home/yogeshpdy/.m2/repository/ch/qos/logback/logback-core/1.4.14/logback-core-1.4.14.jar:/home/yogeshpdy/.m2/repository/org/apache/logging/log4j/log4j-to-slf4j/2.21.1/log4j-to-slf4j-2.21.1.jar:/home/yogeshpdy/.m2/repository/org/apache/logging/log4j/log4j-api/2.21.1/log4j-api-2.21.1.jar:/home/yogeshpdy/.m2/repository/org/slf4j/jul-to-slf4j/2.0.12/jul-to-slf4j-2.0.12.jar:/home/yogeshpdy/.m2/repository/jakarta/annotation/jakarta.annotation-api/2.1.1/jakarta.annotation-api-2.1.1.jar:/home/yogeshpdy/.m2/repository/org/yaml/snakeyaml/2.2/snakeyaml-2.2.jar:/home/yogeshpdy/.m2/repository/org/mongodb/mongodb-driver-sync/4.11.1/mongodb-driver-sync-4.11.1.jar:/home/yogeshpdy/.m2/repository/org/mongodb/bson/4.11.1/bson-4.11.1.jar:/home/yogeshpdy/.m2/repository/org/mongodb/mongodb-driver-core/4.11.1/mongodb-driver-core-4.11.1.jar:/home/yogeshpdy/.m2/repository/org/mongodb/bson-record-codec/4.11.1/bson-record-codec-4.11.1.jar:/home/yogeshpdy/.m2/repository/org/springframework/data/spring-data-mongodb/4.2.3/spring-data-mongodb-4.2.3.jar:/home/yogeshpdy/.m2/repository/org/springframework/spring-tx/6.1.4/spring-tx-6.1.4.jar:/home/yogeshpdy/.m2/repository/org/springframework/spring-context/6.1.4/spring-context-6.1.4.jar:/home/yogeshpdy/.m2/repository/org/springframework/spring-beans/6.1.4/spring-beans-6.1.4.jar:/home/yogeshpdy/.m2/repository/org/springframework/spring-expression/6.1.4/spring-expression-6.1.4.jar:/home/yogeshpdy/.m2/repository/org/springframework/data/spring-data-commons/3.2.3/spring-data-commons-3.2.3.jar:/home/yogeshpdy/.m2/repository/org/slf4j/slf4j-api/2.0.12/slf4j-api-2.0.12.jar:/home/yogeshpdy/.m2/repository/org/springframework/boot/spring-boot-starter-web/3.2.3/spring-boot-starter-web-3.2.3.jar:/home/yogeshpdy/.m2/repository/org/springframework/boot/spring-boot-starter-json/3.2.3/spring-boot-starter-json-3.2.3.jar:/home/yogeshpdy/.m2/repository/com/fasterxml/jackson/core/jackson-databind/2.15.4/jackson-databind-2.15.4.jar:/home/yogeshpdy/.m2/repository/com/fasterxml/jackson/core/jackson-annotations/2.15.4/jackson-annotations-2.15.4.jar:/home/yogeshpdy/.m2/repository/com/fasterxml/jackson/core/jackson-core/2.15.4/jackson-core-2.15.4.jar:/home/yogeshpdy/.m2/repository/com/fasterxml/jackson/datatype/jackson-datatype-jdk8/2.15.4/jackson-datatype-jdk8-2.15.4.jar:/home/yogeshpdy/.m2/repository/com/fasterxml/jackson/datatype/jackson-datatype-jsr310/2.15.4/jackson-datatype-jsr310-2.15.4.jar:/home/yogeshpdy/.m2/repository/com/fasterxml/jackson/module/jackson-module-parameter-names/2.15.4/jackson-module-parameter-names-2.15.4.jar:/home/yogeshpdy/.m2/repository/org/springframework/boot/spring-boot-starter-tomcat/3.2.3/spring-boot-starter-tomcat-3.2.3.jar:/home/yogeshpdy/.m2/repository/org/apache/tomcat/embed/tomcat-embed-core/10.1.19/tomcat-embed-core-10.1.19.jar:/home/yogeshpdy/.m2/repository/org/apache/tomcat/embed/tomcat-embed-el/10.1.19/tomcat-embed-el-10.1.19.jar:/home/yogeshpdy/.m2/repository/org/apache/tomcat/embed/tomcat-embed-websocket/10.1.19/tomcat-embed-websocket-10.1.19.jar:/home/yogeshpdy/.m2/repository/org/springframework/spring-web/6.1.4/spring-web-6.1.4.jar:/home/yogeshpdy/.m2/repository/io/micrometer/micrometer-observation/1.12.3/micrometer-observation-1.12.3.jar:/home/yogeshpdy/.m2/repository/io/micrometer/micrometer-commons/1.12.3/micrometer-commons-1.12.3.jar:/home/yogeshpdy/.m2/repository/org/springframework/spring-webmvc/6.1.4/spring-webmvc-6.1.4.jar:/home/yogeshpdy/.m2/repository/org/springframework/spring-aop/6.1.4/spring-aop-6.1.4.jar:/home/yogeshpdy/.m2/repository/org/springframework/boot/spring-boot-starter-test/3.2.3/spring-boot-starter-test-3.2.3.jar:/home/yogeshpdy/.m2/repository/org/springframework/boot/spring-boot-test/3.2.3/spring-boot-test-3.2.3.jar:/home/yogeshpdy/.m2/repository/org/springframework/boot/spring-boot-test-autoconfigure/3.2.3/spring-boot-test-autoconfigure-3.2.3.jar:/home/yogeshpdy/.m2/repository/com/jayway/jsonpath/json-path/2.9.0/json-path-2.9.0.jar:/home/yogeshpdy/.m2/repository/jakarta/xml/bind/jakarta.xml.bind-api/4.0.1/jakarta.xml.bind-api-4.0.1.jar:/home/yogeshpdy/.m2/repository/jakarta/activation/jakarta.activation-api/2.1.2/jakarta.activation-api-2.1.2.jar:/home/yogeshpdy/.m2/repository/net/minidev/json-smart/2.5.0/json-smart-2.5.0.jar:/home/yogeshpdy/.m2/repository/net/minidev/accessors-smart/2.5.0/accessors-smart-2.5.0.jar:/home/yogeshpdy/.m2/repository/org/ow2/asm/asm/9.3/asm-9.3.jar:/home/yogeshpdy/.m2/repository/org/assertj/assertj-core/3.24.2/assertj-core-3.24.2.jar:/home/yogeshpdy/.m2/repository/net/bytebuddy/byte-buddy/1.14.12/byte-buddy-1.14.12.jar:/home/yogeshpdy/.m2/repository/org/awaitility/awaitility/4.2.0/awaitility-4.2.0.jar:/home/yogeshpdy/.m2/repository/org/hamcrest/hamcrest/2.2/hamcrest-2.2.jar:/home/yogeshpdy/.m2/repository/org/junit/jupiter/junit-jupiter/5.10.2/junit-jupiter-5.10.2.jar:/home/yogeshpdy/.m2/repository/org/junit/jupiter/junit-jupiter-api/5.10.2/junit-jupiter-api-5.10.2.jar:/home/yogeshpdy/.m2/repository/org/opentest4j/opentest4j/1.3.0/opentest4j-1.3.0.jar:/home/yogeshpdy/.m2/repository/org/junit/platform/junit-platform-commons/1.10.2/junit-platform-commons-1.10.2.jar:/home/yogeshpdy/.m2/repository/org/apiguardian/apiguardian-api/1.1.2/apiguardian-api-1.1.2.jar:/home/yogeshpdy/.m2/repository/org/junit/jupiter/junit-jupiter-params/5.10.2/junit-jupiter-params-5.10.2.jar:/home/yogeshpdy/.m2/repository/org/junit/jupiter/junit-jupiter-engine/5.10.2/junit-jupiter-engine-5.10.2.jar:/home/yogeshpdy/.m2/repository/org/junit/platform/junit-platform-engine/1.10.2/junit-platform-engine-1.10.2.jar:/home/yogeshpdy/.m2/repository/org/mockito/mockito-core/5.7.0/mockito-core-5.7.0.jar:/home/yogeshpdy/.m2/repository/net/bytebuddy/byte-buddy-agent/1.14.12/byte-buddy-agent-1.14.12.jar:/home/yogeshpdy/.m2/repository/org/objenesis/objenesis/3.3/objenesis-3.3.jar:/home/yogeshpdy/.m2/repository/org/mockito/mockito-junit-jupiter/5.7.0/mockito-junit-jupiter-5.7.0.jar:/home/yogeshpdy/.m2/repository/org/skyscreamer/jsonassert/1.5.1/jsonassert-1.5.1.jar:/home/yogeshpdy/.m2/repository/com/vaadin/external/google/android-json/0.0.20131108.vaadin1/android-json-0.0.20131108.vaadin1.jar:/home/yogeshpdy/.m2/repository/org/springframework/spring-core/6.1.4/spring-core-6.1.4.jar:/home/yogeshpdy/.m2/repository/org/springframework/spring-jcl/6.1.4/spring-jcl-6.1.4.jar:/home/yogeshpdy/.m2/repository/org/springframework/spring-test/6.1.4/spring-test-6.1.4.jar:/home/yogeshpdy/.m2/repository/org/xmlunit/xmlunit-core/2.9.1/xmlunit-core-2.9.1.jar:"/>
    <property name="java.vm.vendor" value="Amazon.com Inc."/>
    <property name="sun.arch.data.model" value="64"/>
    <property name="java.vendor.url" value="https://aws.amazon.com/corretto/"/>
    <property name="user.timezone" value="Asia/Kolkata"/>
    <property name="os.name" value="Linux"/>
    <property name="java.vm.specification.version" value="17"/>
    <property name="sun.java.launcher" value="SUN_STANDARD"/>
    <property name="user.country" value="US"/>
    <property name="sun.boot.library.path" value="/home/yogeshpdy/.jdks/corretto-17.0.10/lib"/>
    <property name="sun.java.command" value="/home/yogeshpdy/IdeaProjects/travelark/target/surefire/surefirebooter-20240321115616625_3.jar /home/yogeshpdy/IdeaProjects/travelark/target/surefire 2024-03-21T11-56-16_437-jvmRun1 surefire-20240321115616625_1tmp surefire_0-20240321115616625_2tmp"/>
    <property name="jdk.debug" value="release"/>
    <property name="surefire.test.class.path" value="/home/yogeshpdy/IdeaProjects/travelark/target/test-classes:/home/yogeshpdy/IdeaProjects/travelark/target/classes:/home/yogeshpdy/.m2/repository/org/springframework/boot/spring-boot-starter-data-mongodb/3.2.3/spring-boot-starter-data-mongodb-3.2.3.jar:/home/yogeshpdy/.m2/repository/org/springframework/boot/spring-boot-starter/3.2.3/spring-boot-starter-3.2.3.jar:/home/yogeshpdy/.m2/repository/org/springframework/boot/spring-boot/3.2.3/spring-boot-3.2.3.jar:/home/yogeshpdy/.m2/repository/org/springframework/boot/spring-boot-autoconfigure/3.2.3/spring-boot-autoconfigure-3.2.3.jar:/home/yogeshpdy/.m2/repository/org/springframework/boot/spring-boot-starter-logging/3.2.3/spring-boot-starter-logging-3.2.3.jar:/home/yogeshpdy/.m2/repository/ch/qos/logback/logback-classic/1.4.14/logback-classic-1.4.14.jar:/home/yogeshpdy/.m2/repository/ch/qos/logback/logback-core/1.4.14/logback-core-1.4.14.jar:/home/yogeshpdy/.m2/repository/org/apache/logging/log4j/log4j-to-slf4j/2.21.1/log4j-to-slf4j-2.21.1.jar:/home/yogeshpdy/.m2/repository/org/apache/logging/log4j/log4j-api/2.21.1/log4j-api-2.21.1.jar:/home/yogeshpdy/.m2/repository/org/slf4j/jul-to-slf4j/2.0.12/jul-to-slf4j-2.0.12.jar:/home/yogeshpdy/.m2/repository/jakarta/annotation/jakarta.annotation-api/2.1.1/jakarta.annotation-api-2.1.1.jar:/home/yogeshpdy/.m2/repository/org/yaml/snakeyaml/2.2/snakeyaml-2.2.jar:/home/yogeshpdy/.m2/repository/org/mongodb/mongodb-driver-sync/4.11.1/mongodb-driver-sync-4.11.1.jar:/home/yogeshpdy/.m2/repository/org/mongodb/bson/4.11.1/bson-4.11.1.jar:/home/yogeshpdy/.m2/repository/org/mongodb/mongodb-driver-core/4.11.1/mongodb-driver-core-4.11.1.jar:/home/yogeshpdy/.m2/repository/org/mongodb/bson-record-codec/4.11.1/bson-record-codec-4.11.1.jar:/home/yogeshpdy/.m2/repository/org/springframework/data/spring-data-mongodb/4.2.3/spring-data-mongodb-4.2.3.jar:/home/yogeshpdy/.m2/repository/org/springframework/spring-tx/6.1.4/spring-tx-6.1.4.jar:/home/yogeshpdy/.m2/repository/org/springframework/spring-context/6.1.4/spring-context-6.1.4.jar:/home/yogeshpdy/.m2/repository/org/springframework/spring-beans/6.1.4/spring-beans-6.1.4.jar:/home/yogeshpdy/.m2/repository/org/springframework/spring-expression/6.1.4/spring-expression-6.1.4.jar:/home/yogeshpdy/.m2/repository/org/springframework/data/spring-data-commons/3.2.3/spring-data-commons-3.2.3.jar:/home/yogeshpdy/.m2/repository/org/slf4j/slf4j-api/2.0.12/slf4j-api-2.0.12.jar:/home/yogeshpdy/.m2/repository/org/springframework/boot/spring-boot-starter-web/3.2.3/spring-boot-starter-web-3.2.3.jar:/home/yogeshpdy/.m2/repository/org/springframework/boot/spring-boot-starter-json/3.2.3/spring-boot-starter-json-3.2.3.jar:/home/yogeshpdy/.m2/repository/com/fasterxml/jackson/core/jackson-databind/2.15.4/jackson-databind-2.15.4.jar:/home/yogeshpdy/.m2/repository/com/fasterxml/jackson/core/jackson-annotations/2.15.4/jackson-annotations-2.15.4.jar:/home/yogeshpdy/.m2/repository/com/fasterxml/jackson/core/jackson-core/2.15.4/jackson-core-2.15.4.jar:/home/yogeshpdy/.m2/repository/com/fasterxml/jackson/datatype/jackson-datatype-jdk8/2.15.4/jackson-datatype-jdk8-2.15.4.jar:/home/yogeshpdy/.m2/repository/com/fasterxml/jackson/datatype/jackson-datatype-jsr310/2.15.4/jackson-datatype-jsr310-2.15.4.jar:/home/yogeshpdy/.m2/repository/com/fasterxml/jackson/module/jackson-module-parameter-names/2.15.4/jackson-module-parameter-names-2.15.4.jar:/home/yogeshpdy/.m2/repository/org/springframework/boot/spring-boot-starter-tomcat/3.2.3/spring-boot-starter-tomcat-3.2.3.jar:/home/yogeshpdy/.m2/repository/org/apache/tomcat/embed/tomcat-embed-core/10.1.19/tomcat-embed-core-10.1.19.jar:/home/yogeshpdy/.m2/repository/org/apache/tomcat/embed/tomcat-embed-el/10.1.19/tomcat-embed-el-10.1.19.jar:/home/yogeshpdy/.m2/repository/org/apache/tomcat/embed/tomcat-embed-websocket/10.1.19/tomcat-embed-websocket-10.1.19.jar:/home/yogeshpdy/.m2/repository/org/springframework/spring-web/6.1.4/spring-web-6.1.4.jar:/home/yogeshpdy/.m2/repository/io/micrometer/micrometer-observation/1.12.3/micrometer-observation-1.12.3.jar:/home/yogeshpdy/.m2/repository/io/micrometer/micrometer-commons/1.12.3/micrometer-commons-1.12.3.jar:/home/yogeshpdy/.m2/repository/org/springframework/spring-webmvc/6.1.4/spring-webmvc-6.1.4.jar:/home/yogeshpdy/.m2/repository/org/springframework/spring-aop/6.1.4/spring-aop-6.1.4.jar:/home/yogeshpdy/.m2/repository/org/springframework/boot/spring-boot-starter-test/3.2.3/spring-boot-starter-test-3.2.3.jar:/home/yogeshpdy/.m2/repository/org/springframework/boot/spring-boot-test/3.2.3/spring-boot-test-3.2.3.jar:/home/yogeshpdy/.m2/repository/org/springframework/boot/spring-boot-test-autoconfigure/3.2.3/spring-boot-test-autoconfigure-3.2.3.jar:/home/yogeshpdy/.m2/repository/com/jayway/jsonpath/json-path/2.9.0/json-path-2.9.0.jar:/home/yogeshpdy/.m2/repository/jakarta/xml/bind/jakarta.xml.bind-api/4.0.1/jakarta.xml.bind-api-4.0.1.jar:/home/yogeshpdy/.m2/repository/jakarta/activation/jakarta.activation-api/2.1.2/jakarta.activation-api-2.1.2.jar:/home/yogeshpdy/.m2/repository/net/minidev/json-smart/2.5.0/json-smart-2.5.0.jar:/home/yogeshpdy/.m2/repository/net/minidev/accessors-smart/2.5.0/accessors-smart-2.5.0.jar:/home/yogeshpdy/.m2/repository/org/ow2/asm/asm/9.3/asm-9.3.jar:/home/yogeshpdy/.m2/repository/org/assertj/assertj-core/3.24.2/assertj-core-3.24.2.jar:/home/yogeshpdy/.m2/repository/net/bytebuddy/byte-buddy/1.14.12/byte-buddy-1.14.12.jar:/home/yogeshpdy/.m2/repository/org/awaitility/awaitility/4.2.0/awaitility-4.2.0.jar:/home/yogeshpdy/.m2/repository/org/hamcrest/hamcrest/2.2/hamcrest-2.2.jar:/home/yogeshpdy/.m2/repository/org/junit/jupiter/junit-jupiter/5.10.2/junit-jupiter-5.10.2.jar:/home/yogeshpdy/.m2/repository/org/junit/jupiter/junit-jupiter-api/5.10.2/junit-jupiter-api-5.10.2.jar:/home/yogeshpdy/.m2/repository/org/opentest4j/opentest4j/1.3.0/opentest4j-1.3.0.jar:/home/yogeshpdy/.m2/repository/org/junit/platform/junit-platform-commons/1.10.2/junit-platform-commons-1.10.2.jar:/home/yogeshpdy/.m2/repository/org/apiguardian/apiguardian-api/1.1.2/apiguardian-api-1.1.2.jar:/home/yogeshpdy/.m2/repository/org/junit/jupiter/junit-jupiter-params/5.10.2/junit-jupiter-params-5.10.2.jar:/home/yogeshpdy/.m2/repository/org/junit/jupiter/junit-jupiter-engine/5.10.2/junit-jupiter-engine-5.10.2.jar:/home/yogeshpdy/.m2/repository/org/junit/platform/junit-platform-engine/1.10.2/junit-platform-engine-1.10.2.jar:/home/yogeshpdy/.m2/repository/org/mockito/mockito-core/5.7.0/mockito-core-5.7.0.jar:/home/yogeshpdy/.m2/repository/net/bytebuddy/byte-buddy-agent/1.14.12/byte-buddy-agent-1.14.12.jar:/home/yogeshpdy/.m2/repository/org/objenesis/objenesis/3.3/objenesis-3.3.jar:/home/yogeshpdy/.m2/repository/org/mockito/mockito-junit-jupiter/5.7.0/mockito-junit-jupiter-5.7.0.jar:/home/yogeshpdy/.m2/repository/org/skyscreamer/jsonassert/1.5.1/jsonassert-1.5.1.jar:/home/yogeshpdy/.m2/repository/com/vaadin/external/google/android-json/0.0.20131108.vaadin1/android-json-0.0.20131108.vaadin1.jar:/home/yogeshpdy/.m2/repository/org/springframework/spring-core/6.1.4/spring-core-6.1.4.jar:/home/yogeshpdy/.m2/repository/org/springframework/spring-jcl/6.1.4/spring-jcl-6.1.4.jar:/home/yogeshpdy/.m2/repository/org/springframework/spring-test/6.1.4/spring-test-6.1.4.jar:/home/yogeshpdy/.m2/repository/org/xmlunit/xmlunit-core/2.9.1/xmlunit-core-2.9.1.jar:"/>
    <property name="sun.cpu.endian" value="little"/>
    <property name="user.home" value="/home/yogeshpdy"/>
    <property name="user.language" value="en"/>
    <property name="java.specification.vendor" value="Oracle Corporation"/>
    <property name="java.version.date" value="2024-01-16"/>
    <property name="java.home" value="/home/yogeshpdy/.jdks/corretto-17.0.10"/>
    <property name="file.separator" value="/"/>
    <property name="basedir" value="/home/yogeshpdy/IdeaProjects/travelark"/>
    <property name="java.vm.compressedOopsMode" value="32-bit"/>
    <property name="line.separator" value="&#10;"/>
    <property name="java.specification.name" value="Java Platform API Specification"/>
    <property name="java.vm.specification.vendor" value="Oracle Corporation"/>
    <property name="FILE_LOG_CHARSET" value="UTF-8"/>
    <property name="java.awt.headless" value="true"/>
    <property name="surefire.real.class.path" value="/home/yogeshpdy/IdeaProjects/travelark/target/surefire/surefirebooter-20240321115616625_3.jar"/>
    <property name="sun.management.compiler" value="HotSpot 64-Bit Tiered Compilers"/>
    <property name="java.runtime.version" value="17.0.10+8-LTS"/>
    <property name="user.name" value="yogeshpdy"/>
    <property name="path.separator" value=":"/>
    <property name="os.version" value="6.5.0-25-generic"/>
    <property name="java.runtime.name" value="OpenJDK Runtime Environment"/>
    <property name="file.encoding" value="UTF-8"/>
    <property name="java.vm.name" value="OpenJDK 64-Bit Server VM"/>
    <property name="java.vendor.version" value="Corretto-17.0.10.8.1"/>
    <property name="localRepository" value="/home/yogeshpdy/.m2/repository"/>
    <property name="java.vendor.url.bug" value="https://github.com/corretto/corretto-17/issues/"/>
    <property name="java.io.tmpdir" value="/tmp"/>
    <property name="idea.version" value="2023.3.4"/>
    <property name="java.version" value="17.0.10"/>
    <property name="user.dir" value="/home/yogeshpdy/IdeaProjects/travelark"/>
    <property name="os.arch" value="amd64"/>
    <property name="java.vm.specification.name" value="Java Virtual Machine Specification"/>
    <property name="PID" value="10282"/>
    <property name="CONSOLE_LOG_CHARSET" value="UTF-8"/>
    <property name="native.encoding" value="UTF-8"/>
    <property name="java.library.path" value="/usr/java/packages/lib:/usr/lib64:/lib64:/lib:/usr/lib"/>
    <property name="java.vm.info" value="mixed mode, sharing"/>
    <property name="java.vendor" value="Amazon.com Inc."/>
    <property name="java.vm.version" value="17.0.10+8-LTS"/>
    <property name="sun.io.unicode.encoding" value="UnicodeLittle"/>
    <property name="java.class.version" value="61.0"/>
  </properties>
  <testcase name="contextLoads" classname="com.magdemy.travelark.TravelarkApplicationTests" time="1.347">
    <system-out><![CDATA[11:56:18.073 [main] INFO org.springframework.test.context.support.AnnotationConfigContextLoaderUtils -- Could not detect default configuration classes for test class [com.magdemy.travelark.TravelarkApplicationTests]: TravelarkApplicationTests does not declare any static, non-private, non-final, nested classes annotated with @Configuration.
11:56:18.282 [main] INFO org.springframework.boot.test.context.SpringBootTestContextBootstrapper -- Found @SpringBootConfiguration com.magdemy.travelark.TravelarkApplication for test class com.magdemy.travelark.TravelarkApplicationTests

  .   ____          _            __ _ _
 /\\ / ___'_ __ _ _(_)_ __  __ _ \ \ \ \
( ( )\___ | '_ | '_| | '_ \/ _` | \ \ \ \
 \\/  ___)| |_)| | | | | || (_| |  ) ) ) )
  '  |____| .__|_| |_|_| |_\__, | / / / /
 =========|_|==============|___/=/_/_/_/
 :: Spring Boot ::                (v3.2.3)

2024-03-21T11:56:18.984+05:30  INFO 10282 --- [           main] c.m.travelark.TravelarkApplicationTests  : Starting TravelarkApplicationTests using Java 17.0.10 with PID 10282 (started by yogeshpdy in /home/yogeshpdy/IdeaProjects/travelark)
2024-03-21T11:56:18.987+05:30  INFO 10282 --- [           main] c.m.travelark.TravelarkApplicationTests  : No active profile set, falling back to 1 default profile: "default"
2024-03-21T11:56:20.223+05:30  INFO 10282 --- [           main] .s.d.r.c.RepositoryConfigurationDelegate : Bootstrapping Spring Data MongoDB repositories in DEFAULT mode.
2024-03-21T11:56:20.311+05:30  INFO 10282 --- [           main] .s.d.r.c.RepositoryConfigurationDelegate : Finished Spring Data repository scanning in 80 ms. Found 2 MongoDB repository interfaces.
2024-03-21T11:56:21.136+05:30  INFO 10282 --- [           main] org.mongodb.driver.client                : MongoClient with metadata {"application": {"name": "Transport"}, "driver": {"name": "mongo-java-driver|sync|spring-boot", "version": "4.11.1"}, "os": {"type": "Linux", "name": "Linux", "architecture": "amd64", "version": "6.5.0-25-generic"}, "platform": "Java/Amazon.com Inc./17.0.10+8-LTS"} created with settings MongoClientSettings{readPreference=primary, writeConcern=WriteConcern{w=majority, wTimeout=null ms, journal=null}, retryWrites=true, retryReads=true, readConcern=ReadConcern{level=null}, credential=MongoCredential{mechanism=null, userName='yogeshpdy4', source='admin', password=<hidden>, mechanismProperties=<hidden>}, transportSettings=null, streamFactoryFactory=null, commandListeners=[], codecRegistry=ProvidersCodecRegistry{codecProviders=[ValueCodecProvider{}, BsonValueCodecProvider{}, DBRefCodecProvider{}, DBObjectCodecProvider{}, DocumentCodecProvider{}, CollectionCodecProvider{}, IterableCodecProvider{}, MapCodecProvider{}, GeoJsonCodecProvider{}, GridFSFileCodecProvider{}, Jsr310CodecProvider{}, JsonObjectCodecProvider{}, BsonCodecProvider{}, EnumCodecProvider{}, com.mongodb.client.model.mql.ExpressionCodecProvider@5a49af50, com.mongodb.Jep395RecordCodecProvider@3b1dc579, com.mongodb.KotlinCodecProvider@793d163b]}, loggerSettings=LoggerSettings{maxDocumentLength=1000}, clusterSettings={hosts=[127.0.0.1:27017], srvHost=transport.rdhqeu7.mongodb.net, srvServiceName=mongodb, mode=MULTIPLE, requiredClusterType=REPLICA_SET, requiredReplicaSetName='atlas-20fnz0-shard-0', serverSelector='null', clusterListeners='[]', serverSelectionTimeout='30000 ms', localThreshold='15 ms'}, socketSettings=SocketSettings{connectTimeoutMS=10000, readTimeoutMS=0, receiveBufferSize=0, proxySettings=ProxySettings{host=null, port=null, username=null, password=null}}, heartbeatSocketSettings=SocketSettings{connectTimeoutMS=10000, readTimeoutMS=10000, receiveBufferSize=0, proxySettings=ProxySettings{host=null, port=null, username=null, password=null}}, connectionPoolSettings=ConnectionPoolSettings{maxSize=100, minSize=0, maxWaitTimeMS=120000, maxConnectionLifeTimeMS=0, maxConnectionIdleTimeMS=0, maintenanceInitialDelayMS=0, maintenanceFrequencyMS=60000, connectionPoolListeners=[], maxConnecting=2}, serverSettings=ServerSettings{heartbeatFrequencyMS=10000, minHeartbeatFrequencyMS=500, serverListeners='[]', serverMonitorListeners='[]'}, sslSettings=SslSettings{enabled=true, invalidHostNameAllowed=false, context=null}, applicationName='Transport', compressorList=[], uuidRepresentation=JAVA_LEGACY, serverApi=null, autoEncryptionSettings=null, dnsClient=null, inetAddressResolver=null, contextProvider=null}
2024-03-21T11:56:21.175+05:30  INFO 10282 --- [eu7.mongodb.net] org.mongodb.driver.cluster               : Adding discovered server ac-a1c31v4-shard-00-02.rdhqeu7.mongodb.net:27017 to client view of cluster
2024-03-21T11:56:21.259+05:30  INFO 10282 --- [eu7.mongodb.net] org.mongodb.driver.cluster               : Adding discovered server ac-a1c31v4-shard-00-00.rdhqeu7.mongodb.net:27017 to client view of cluster
2024-03-21T11:56:21.276+05:30  INFO 10282 --- [eu7.mongodb.net] org.mongodb.driver.cluster               : Adding discovered server ac-a1c31v4-shard-00-01.rdhqeu7.mongodb.net:27017 to client view of cluster
2024-03-21T11:56:22.430+05:30  INFO 10282 --- [ngodb.net:27017] org.mongodb.driver.cluster               : Monitor thread successfully connected to server with description ServerDescription{address=ac-a1c31v4-shard-00-00.rdhqeu7.mongodb.net:27017, type=REPLICA_SET_SECONDARY, state=CONNECTED, ok=true, minWireVersion=0, maxWireVersion=21, maxDocumentSize=16777216, logicalSessionTimeoutMinutes=30, roundTripTimeNanos=654970395, setName='atlas-20fnz0-shard-0', canonicalAddress=ac-a1c31v4-shard-00-00.rdhqeu7.mongodb.net:27017, hosts=[ac-a1c31v4-shard-00-00.rdhqeu7.mongodb.net:27017, ac-a1c31v4-shard-00-01.rdhqeu7.mongodb.net:27017, ac-a1c31v4-shard-00-02.rdhqeu7.mongodb.net:27017], passives=[], arbiters=[], primary='ac-a1c31v4-shard-00-01.rdhqeu7.mongodb.net:27017', tagSet=TagSet{[Tag{name='availabilityZone', value='aps1-az1'}, Tag{name='diskState', value='READY'}, Tag{name='nodeType', value='ELECTABLE'}, Tag{name='provider', value='AWS'}, Tag{name='region', value='AP_SOUTH_1'}, Tag{name='workloadType', value='OPERATIONAL'}]}, electionId=null, setVersion=15, topologyVersion=TopologyVersion{processId=65f9b7307dfec8ebc2fff3b2, counter=4}, lastWriteDate=Thu Mar 21 11:56:22 IST 2024, lastUpdateTimeNanos=7169763433214}
2024-03-21T11:56:22.433+05:30  INFO 10282 --- [ngodb.net:27017] org.mongodb.driver.cluster               : Monitor thread successfully connected to server with description ServerDescription{address=ac-a1c31v4-shard-00-02.rdhqeu7.mongodb.net:27017, type=REPLICA_SET_SECONDARY, state=CONNECTED, ok=true, minWireVersion=0, maxWireVersion=21, maxDocumentSize=16777216, logicalSessionTimeoutMinutes=30, roundTripTimeNanos=664667137, setName='atlas-20fnz0-shard-0', canonicalAddress=ac-a1c31v4-shard-00-02.rdhqeu7.mongodb.net:27017, hosts=[ac-a1c31v4-shard-00-00.rdhqeu7.mongodb.net:27017, ac-a1c31v4-shard-00-01.rdhqeu7.mongodb.net:27017, ac-a1c31v4-shard-00-02.rdhqeu7.mongodb.net:27017], passives=[], arbiters=[], primary='ac-a1c31v4-shard-00-01.rdhqeu7.mongodb.net:27017', tagSet=TagSet{[Tag{name='availabilityZone', value='aps1-az2'}, Tag{name='diskState', value='READY'}, Tag{name='nodeType', value='ELECTABLE'}, Tag{name='provider', value='AWS'}, Tag{name='region', value='AP_SOUTH_1'}, Tag{name='workloadType', value='OPERATIONAL'}]}, electionId=null, setVersion=15, topologyVersion=TopologyVersion{processId=65f9b7ff01d00e289d3a0305, counter=3}, lastWriteDate=Thu Mar 21 11:56:22 IST 2024, lastUpdateTimeNanos=7169773020467}
2024-03-21T11:56:22.429+05:30  INFO 10282 --- [ngodb.net:27017] org.mongodb.driver.cluster               : Monitor thread successfully connected to server with description ServerDescription{address=ac-a1c31v4-shard-00-01.rdhqeu7.mongodb.net:27017, type=REPLICA_SET_PRIMARY, state=CONNECTED, ok=true, minWireVersion=0, maxWireVersion=21, maxDocumentSize=16777216, logicalSessionTimeoutMinutes=30, roundTripTimeNanos=659871982, setName='atlas-20fnz0-shard-0', canonicalAddress=ac-a1c31v4-shard-00-01.rdhqeu7.mongodb.net:27017, hosts=[ac-a1c31v4-shard-00-00.rdhqeu7.mongodb.net:27017, ac-a1c31v4-shard-00-01.rdhqeu7.mongodb.net:27017, ac-a1c31v4-shard-00-02.rdhqeu7.mongodb.net:27017], passives=[], arbiters=[], primary='ac-a1c31v4-shard-00-01.rdhqeu7.mongodb.net:27017', tagSet=TagSet{[Tag{name='availabilityZone', value='aps1-az3'}, Tag{name='diskState', value='READY'}, Tag{name='nodeType', value='ELECTABLE'}, Tag{name='provider', value='AWS'}, Tag{name='region', value='AP_SOUTH_1'}, Tag{name='workloadType', value='OPERATIONAL'}]}, electionId=7fffffff00000000000001d1, setVersion=15, topologyVersion=TopologyVersion{processId=65f9b794ccb55fb8dfcd2bab, counter=6}, lastWriteDate=Thu Mar 21 11:56:22 IST 2024, lastUpdateTimeNanos=7169768280255}
2024-03-21T11:56:22.444+05:30  INFO 10282 --- [ngodb.net:27017] org.mongodb.driver.cluster               : Discovered replica set primary ac-a1c31v4-shard-00-01.rdhqeu7.mongodb.net:27017 with max election id 7fffffff00000000000001d1 and max set version 15
2024-03-21T11:56:23.021+05:30  INFO 10282 --- [           main] c.m.travelark.TravelarkApplicationTests  : Started TravelarkApplicationTests in 4.455 seconds (process running for 6.267)
]]></system-out>
  </testcase>
</testsuite>